TN:
SF:src\@types\styled.d.ts
FNF:0
FNH:0
LF:0
LH:0
BRF:0
BRH:0
end_of_record
TN:
SF:src\api\index.ts
FNF:0
FNH:0
DA:3,2
LF:1
LH:1
BRF:0
BRH:0
end_of_record
TN:
SF:src\components\atoms\Avatar\index.tsx
FN:6,(anonymous_0)
FNF:1
FNH:0
FNDA:0,(anonymous_0)
DA:6,0
DA:7,0
LF:2
LH:0
BRF:0
BRH:0
end_of_record
TN:
SF:src\components\atoms\DropArrow\index.tsx
FN:7,(anonymous_0)
FNF:1
FNH:0
FNDA:0,(anonymous_0)
DA:7,0
DA:8,0
DA:10,0
LF:3
LH:0
BRF:0
BRH:0
end_of_record
TN:
SF:src\components\atoms\DropArrow\logic.ts
FN:1,(anonymous_0)
FNF:1
FNH:0
FNDA:0,(anonymous_0)
DA:1,0
DA:2,0
DA:7,0
LF:3
LH:0
BRDA:4,0,0,0
BRDA:4,0,1,0
BRF:2
BRH:0
end_of_record
TN:
SF:src\components\atoms\Icon\index.tsx
FN:6,(anonymous_0)
FNF:1
FNH:1
FNDA:2202,(anonymous_0)
DA:6,3
DA:14,2202
DA:15,2202
DA:16,2202
DA:18,2202
LF:5
LH:5
BRDA:14,0,0,0
BRDA:14,0,1,2202
BRDA:15,1,0,0
BRDA:15,1,1,2202
BRDA:16,2,0,0
BRDA:16,2,1,2202
BRDA:16,3,0,2202
BRDA:16,3,1,0
BRF:8
BRH:4
end_of_record
TN:
SF:src\components\atoms\Input\index.tsx
FN:5,(anonymous_0)
FNF:1
FNH:1
FNDA:1290,(anonymous_0)
DA:5,2
DA:6,1290
DA:11,1290
LF:3
LH:3
BRF:0
BRH:0
end_of_record
TN:
SF:src\components\atoms\Input\logic.ts
FN:6,(anonymous_0)
FN:11,(anonymous_1)
FN:17,(anonymous_2)
FNF:3
FNH:3
FNDA:1290,(anonymous_0)
FNDA:25,(anonymous_1)
FNDA:27,(anonymous_2)
DA:6,2
DA:7,1290
DA:8,1290
DA:9,1290
DA:11,1290
DA:12,25
DA:14,25
DA:17,1290
DA:18,27
DA:20,27
DA:23,1290
LF:11
LH:11
BRDA:14,0,0,25
BRDA:14,0,1,0
BRDA:20,1,0,27
BRDA:20,1,1,27
BRF:4
BRH:3
end_of_record
TN:
SF:src\components\atoms\TextArea\index.tsx
FN:5,(anonymous_0)
FNF:1
FNH:0
FNDA:0,(anonymous_0)
DA:5,0
DA:6,0
DA:11,0
LF:3
LH:0
BRF:0
BRH:0
end_of_record
TN:
SF:src\components\atoms\TextArea\logic.ts
FN:6,(anonymous_0)
FN:11,(anonymous_1)
FN:17,(anonymous_2)
FNF:3
FNH:0
FNDA:0,(anonymous_0)
FNDA:0,(anonymous_1)
FNDA:0,(anonymous_2)
DA:6,0
DA:7,0
DA:8,0
DA:9,0
DA:11,0
DA:12,0
DA:14,0
DA:17,0
DA:18,0
DA:20,0
DA:23,0
LF:11
LH:0
BRDA:14,0,0,0
BRDA:14,0,1,0
BRDA:20,1,0,0
BRDA:20,1,1,0
BRF:4
BRH:0
end_of_record
TN:
SF:src\components\molecules\Button\index.tsx
FN:6,(anonymous_0)
FNF:1
FNH:1
FNDA:404,(anonymous_0)
DA:6,3
DA:13,404
LF:2
LH:2
BRDA:10,0,0,350
BRDA:19,1,0,404
BRDA:19,1,1,0
BRF:3
BRH:2
end_of_record
TN:
SF:src\components\molecules\Comment\index.tsx
FN:6,(anonymous_0)
FNF:1
FNH:0
FNDA:0,(anonymous_0)
DA:6,0
DA:14,0
LF:2
LH:0
BRF:0
BRH:0
end_of_record
TN:
SF:src\components\molecules\DisplayOptions\index.tsx
FN:11,(anonymous_0)
FN:33,(anonymous_1)
FN:48,(anonymous_2)
FNF:3
FNH:0
FNDA:0,(anonymous_0)
FNDA:0,(anonymous_1)
FNDA:0,(anonymous_2)
DA:11,0
DA:19,0
DA:21,0
DA:33,0
DA:48,0
LF:5
LH:0
BRDA:62,0,0,0
BRDA:62,0,1,0
BRF:2
BRH:0
end_of_record
TN:
SF:src\components\molecules\DisplayOptions\logic.ts
FN:9,(anonymous_0)
FN:19,(anonymous_1)
FN:23,(anonymous_2)
FNF:3
FNH:0
FNDA:0,(anonymous_0)
FNDA:0,(anonymous_1)
FNDA:0,(anonymous_2)
DA:9,0
DA:10,0
DA:11,0
DA:13,0
DA:15,0
DA:19,0
DA:20,0
DA:23,0
DA:24,0
DA:28,0
DA:33,0
DA:37,0
LF:12
LH:0
BRDA:15,0,0,0
BRDA:15,0,1,0
BRDA:20,1,0,0
BRDA:20,1,1,0
BRDA:24,2,0,0
BRDA:24,2,1,0
BRDA:28,3,0,0
BRDA:28,3,1,0
BRDA:33,4,0,0
BRDA:33,4,1,0
BRF:10
BRH:0
end_of_record
TN:
SF:src\components\molecules\Feedback\index.tsx
FN:4,(anonymous_0)
FNF:1
FNH:0
FNDA:0,(anonymous_0)
DA:4,0
DA:5,0
LF:2
LH:0
BRF:0
BRH:0
end_of_record
TN:
SF:src\components\molecules\Field\index.tsx
FN:12,(anonymous_0)
FNF:1
FNH:1
FNDA:1288,(anonymous_0)
DA:12,2
DA:33,1288
DA:35,1288
LF:3
LH:3
BRDA:42,0,0,1288
BRDA:42,0,1,453
BRDA:44,1,0,453
BRDA:44,1,1,308
BRDA:51,2,0,453
BRDA:51,2,1,308
BRDA:74,3,0,1288
BRDA:74,3,1,644
BRDA:75,4,0,644
BRDA:75,4,1,0
BRF:10
BRH:9
end_of_record
TN:
SF:src\components\molecules\Field\logic.ts
FN:5,(anonymous_0)
FN:31,(anonymous_1)
FN:35,(anonymous_2)
FNF:3
FNH:1
FNDA:1288,(anonymous_0)
FNDA:0,(anonymous_1)
FNDA:0,(anonymous_2)
DA:5,2
DA:10,1288
DA:12,1288
DA:14,1288
DA:18,1288
DA:19,1288
DA:20,1288
DA:22,1288
DA:23,1288
DA:24,1288
DA:26,1288
DA:28,1288
DA:29,1288
DA:31,1288
DA:32,0
DA:35,1288
DA:36,0
DA:39,1288
LF:18
LH:16
BRDA:14,0,0,1288
BRDA:14,0,1,0
BRDA:18,1,0,1288
BRDA:18,1,1,0
BRDA:19,2,0,1288
BRDA:19,2,1,0
BRDA:24,3,0,1288
BRDA:24,3,1,934
BRDA:28,4,0,644
BRDA:28,4,1,644
BRDA:28,5,0,0
BRDA:28,5,1,644
BRF:12
BRH:8
end_of_record
TN:
SF:src\components\molecules\HeartButton\index.tsx
FN:6,(anonymous_0)
FNF:1
FNH:0
FNDA:0,(anonymous_0)
DA:6,0
DA:11,0
LF:2
LH:0
BRDA:8,0,0,0
BRDA:14,1,0,0
BRDA:14,1,1,0
BRDA:17,2,0,0
BRDA:17,2,1,0
BRF:5
BRH:0
end_of_record
TN:
SF:src\components\molecules\IconButton\index.tsx
FN:6,(anonymous_0)
FNF:1
FNH:0
FNDA:0,(anonymous_0)
DA:6,0
DA:16,0
LF:2
LH:0
BRDA:11,0,0,0
BRDA:19,1,0,0
BRDA:19,1,1,0
BRDA:22,2,0,0
BRDA:22,2,1,0
BRF:5
BRH:0
end_of_record
TN:
SF:src\components\molecules\PostActions\index.tsx
FN:13,(anonymous_0)
FNF:1
FNH:0
FNDA:0,(anonymous_0)
DA:13,0
DA:19,0
DA:21,0
LF:3
LH:0
BRF:0
BRH:0
end_of_record
TN:
SF:src\components\molecules\PostActions\logic.ts
FN:3,(anonymous_0)
FN:6,(anonymous_1)
FN:7,(anonymous_2)
FNF:3
FNH:0
FNDA:0,(anonymous_0)
FNDA:0,(anonymous_1)
FNDA:0,(anonymous_2)
DA:3,0
DA:4,0
DA:6,0
DA:7,0
DA:10,0
LF:5
LH:0
BRF:0
BRH:0
end_of_record
TN:
SF:src\components\molecules\PostHeader\index.tsx
FN:6,(anonymous_0)
FNF:1
FNH:0
FNDA:0,(anonymous_0)
DA:6,0
DA:13,0
DA:15,0
LF:3
LH:0
BRDA:24,0,0,0
BRDA:24,0,1,0
BRF:2
BRH:0
end_of_record
TN:
SF:src\components\molecules\ProfileOptions\index.tsx
FN:7,(anonymous_0)
FNF:1
FNH:0
FNDA:0,(anonymous_0)
DA:7,0
DA:8,0
LF:2
LH:0
BRF:0
BRH:0
end_of_record
TN:
SF:src\components\molecules\Search\index.tsx
FN:7,(anonymous_0)
FNF:1
FNH:0
FNDA:0,(anonymous_0)
DA:7,0
DA:8,0
DA:10,0
LF:3
LH:0
BRF:0
BRH:0
end_of_record
TN:
SF:src\components\molecules\Search\logic.ts
FN:7,(anonymous_0)
FN:8,(anonymous_1)
FNF:2
FNH:0
FNDA:0,(anonymous_0)
FNDA:0,(anonymous_1)
DA:5,0
DA:7,0
DA:8,0
DA:9,0
DA:12,0
DA:14,0
LF:6
LH:0
BRF:0
BRH:0
end_of_record
TN:
SF:src\components\molecules\Styles\index.tsx
FN:45,(anonymous_0)
FN:48,(anonymous_1)
FNF:2
FNH:0
FNDA:0,(anonymous_0)
FNDA:0,(anonymous_1)
DA:6,0
DA:45,0
DA:46,0
DA:49,0
LF:4
LH:0
BRDA:45,0,0,0
BRDA:46,1,0,0
BRDA:46,1,1,0
BRF:3
BRH:0
end_of_record
TN:
SF:src\components\molecules\Styles\logic.ts
FN:1,(anonymous_0)
FNF:1
FNH:0
FNDA:0,(anonymous_0)
DA:1,0
DA:2,0
LF:2
LH:0
BRF:0
BRH:0
end_of_record
TN:
SF:src\components\molecules\Tooltip\index.tsx
FN:9,(anonymous_0)
FNF:1
FNH:1
FNDA:469,(anonymous_0)
DA:9,3
DA:21,469
DA:23,469
LF:3
LH:3
BRDA:25,0,0,469
BRDA:25,0,1,239
BRF:2
BRH:2
end_of_record
TN:
SF:src\components\molecules\Tooltip\logic.ts
FN:3,(anonymous_0)
FN:6,(anonymous_1)
FN:10,(anonymous_2)
FN:14,(anonymous_3)
FN:15,(anonymous_4)
FNF:5
FNH:2
FNDA:469,(anonymous_0)
FNDA:19,(anonymous_1)
FNDA:0,(anonymous_2)
FNDA:0,(anonymous_3)
FNDA:0,(anonymous_4)
DA:3,3
DA:4,469
DA:6,469
DA:7,19
DA:10,469
DA:11,0
DA:14,469
DA:15,0
DA:18,469
LF:9
LH:7
BRF:0
BRH:0
end_of_record
TN:
SF:src\components\molecules\UserCard\index.tsx
FN:6,(anonymous_0)
FNF:1
FNH:0
FNDA:0,(anonymous_0)
DA:6,0
DA:7,0
LF:2
LH:0
BRF:0
BRH:0
end_of_record
TN:
SF:src\components\organisms\AuthModal\index.tsx
FN:8,(anonymous_0)
FNF:1
FNH:0
FNDA:0,(anonymous_0)
DA:8,0
DA:9,0
DA:11,0
LF:3
LH:0
BRDA:13,0,0,0
BRDA:13,0,1,0
BRF:2
BRH:0
end_of_record
TN:
SF:src\components\organisms\AuthModal\logic.ts
FN:5,(anonymous_0)
FN:8,(anonymous_1)
FN:13,(anonymous_2)
FNF:3
FNH:0
FNDA:0,(anonymous_0)
FNDA:0,(anonymous_1)
FNDA:0,(anonymous_2)
DA:5,0
DA:6,0
DA:8,0
DA:9,0
DA:10,0
DA:13,0
DA:14,0
DA:17,0
LF:8
LH:0
BRDA:9,0,0,0
BRDA:9,0,1,0
BRF:2
BRH:0
end_of_record
TN:
SF:src\components\organisms\AuthOptions\index.tsx
FN:7,(anonymous_0)
FNF:1
FNH:0
FNDA:0,(anonymous_0)
DA:7,0
DA:8,0
DA:10,0
LF:3
LH:0
BRDA:12,0,0,0
BRDA:12,0,1,0
BRF:2
BRH:0
end_of_record
TN:
SF:src\components\organisms\AuthOptions\logic.ts
FN:7,(anonymous_0)
FN:11,(anonymous_1)
FN:15,(anonymous_2)
FNF:3
FNH:0
FNDA:0,(anonymous_0)
FNDA:0,(anonymous_1)
FNDA:0,(anonymous_2)
DA:7,0
DA:8,0
DA:9,0
DA:11,0
DA:12,0
DA:15,0
DA:16,0
DA:19,0
DA:21,0
LF:9
LH:0
BRDA:19,0,0,0
BRDA:19,0,1,0
BRF:2
BRH:0
end_of_record
TN:
SF:src\components\organisms\Comments\index.tsx
FN:32,(anonymous_0)
FN:38,(anonymous_1)
FNF:2
FNH:0
FNDA:0,(anonymous_0)
FNDA:0,(anonymous_1)
DA:13,0
DA:32,0
DA:33,0
DA:35,0
DA:39,0
LF:5
LH:0
BRF:0
BRH:0
end_of_record
TN:
SF:src\components\organisms\Comments\logic.ts
FN:3,(anonymous_0)
FN:6,(anonymous_1)
FNF:2
FNH:0
FNDA:0,(anonymous_0)
FNDA:0,(anonymous_1)
DA:3,0
DA:4,0
DA:7,0
DA:11,0
LF:4
LH:0
BRF:0
BRH:0
end_of_record
TN:
SF:src\components\organisms\CreatePost\index.tsx
FN:8,(anonymous_0)
FNF:1
FNH:0
FNDA:0,(anonymous_0)
DA:8,0
DA:9,0
LF:2
LH:0
BRF:0
BRH:0
end_of_record
TN:
SF:src\components\organisms\LeftSide\index.tsx
FN:13,(anonymous_0)
FN:43,(anonymous_1)
FN:47,(anonymous_2)
FN:62,(anonymous_3)
FN:66,(anonymous_4)
FN:81,(anonymous_5)
FN:85,(anonymous_6)
FNF:7
FNH:0
FNDA:0,(anonymous_0)
FNDA:0,(anonymous_1)
FNDA:0,(anonymous_2)
FNDA:0,(anonymous_3)
FNDA:0,(anonymous_4)
FNDA:0,(anonymous_5)
FNDA:0,(anonymous_6)
DA:13,0
DA:14,0
DA:16,0
DA:44,0
DA:48,0
DA:63,0
DA:67,0
DA:82,0
DA:86,0
LF:9
LH:0
BRDA:40,0,0,0
BRDA:40,0,1,0
BRDA:40,0,2,0
BRDA:59,1,0,0
BRDA:59,1,1,0
BRDA:59,1,2,0
BRDA:78,2,0,0
BRDA:78,2,1,0
BRDA:78,2,2,0
BRF:9
BRH:0
end_of_record
TN:
SF:src\components\organisms\LeftSide\logic.ts
FN:12,(anonymous_0)
FN:15,(anonymous_1)
FN:16,(anonymous_2)
FN:22,(anonymous_3)
FN:25,(anonymous_4)
FN:28,(anonymous_5)
FN:35,(anonymous_6)
FN:37,(anonymous_7)
FN:43,(anonymous_8)
FN:46,(anonymous_9)
FN:57,(anonymous_10)
FNF:11
FNH:0
FNDA:0,(anonymous_0)
FNDA:0,(anonymous_1)
FNDA:0,(anonymous_2)
FNDA:0,(anonymous_3)
FNDA:0,(anonymous_4)
FNDA:0,(anonymous_5)
FNDA:0,(anonymous_6)
FNDA:0,(anonymous_7)
FNDA:0,(anonymous_8)
FNDA:0,(anonymous_9)
FNDA:0,(anonymous_10)
DA:5,0
DA:12,0
DA:13,0
DA:15,0
DA:16,0
DA:22,0
DA:23,0
DA:25,0
DA:28,0
DA:32,0
DA:35,0
DA:37,0
DA:40,0
DA:43,0
DA:46,0
DA:50,0
DA:53,0
DA:57,0
DA:58,0
DA:61,0
LF:20
LH:0
BRDA:23,0,0,0
BRDA:23,0,1,0
BRDA:23,0,2,0
BRDA:23,0,3,0
BRDA:30,1,0,0
BRDA:30,1,1,0
BRDA:38,2,0,0
BRDA:38,2,1,0
BRDA:48,3,0,0
BRDA:48,3,1,0
BRF:10
BRH:0
end_of_record
TN:
SF:src\components\organisms\Navbar\index.tsx
FN:10,(anonymous_0)
FNF:1
FNH:0
FNDA:0,(anonymous_0)
DA:10,0
DA:11,0
DA:13,0
LF:3
LH:0
BRDA:24,0,0,0
BRDA:24,0,1,0
BRF:2
BRH:0
end_of_record
TN:
SF:src\components\organisms\Navbar\logic.ts
FN:3,(anonymous_0)
FN:4,(anonymous_1)
FNF:2
FNH:0
FNDA:0,(anonymous_0)
FNDA:0,(anonymous_1)
DA:3,0
DA:4,0
DA:6,0
DA:8,0
LF:4
LH:0
BRF:0
BRH:0
end_of_record
TN:
SF:src\components\organisms\Post\index.tsx
FN:10,(anonymous_0)
FNF:1
FNH:0
FNDA:0,(anonymous_0)
DA:10,0
DA:11,0
LF:2
LH:0
BRF:0
BRH:0
end_of_record
TN:
SF:src\components\organisms\PostFooter\index.tsx
FN:9,(anonymous_0)
FNF:1
FNH:0
FNDA:0,(anonymous_0)
DA:9,0
DA:11,0
DA:13,0
LF:3
LH:0
BRDA:24,0,0,0
BRDA:24,0,1,0
BRF:2
BRH:0
end_of_record
TN:
SF:src\components\organisms\PostFooter\logic.ts
FN:3,(anonymous_0)
FN:7,(anonymous_1)
FN:8,(anonymous_2)
FN:11,(anonymous_3)
FN:12,(anonymous_4)
FNF:5
FNH:0
FNDA:0,(anonymous_0)
FNDA:0,(anonymous_1)
FNDA:0,(anonymous_2)
FNDA:0,(anonymous_3)
FNDA:0,(anonymous_4)
DA:3,0
DA:4,0
DA:5,0
DA:7,0
DA:8,0
DA:11,0
DA:12,0
DA:15,0
LF:8
LH:0
BRF:0
BRH:0
end_of_record
TN:
SF:src\components\organisms\Posts\index.tsx
FN:7,(anonymous_0)
FN:15,(anonymous_1)
FNF:2
FNH:0
FNDA:0,(anonymous_0)
FNDA:0,(anonymous_1)
DA:7,0
DA:8,0
DA:10,0
DA:16,0
LF:4
LH:0
BRF:0
BRH:0
end_of_record
TN:
SF:src\components\organisms\Posts\logic.ts
FN:20,(anonymous_0)
FN:24,(anonymous_1)
FNF:2
FNH:0
FNDA:0,(anonymous_0)
FNDA:0,(anonymous_1)
DA:5,0
DA:20,0
DA:21,0
DA:23,0
DA:24,0
DA:35,0
LF:6
LH:0
BRF:0
BRH:0
end_of_record
TN:
SF:src\components\organisms\Recommendations\index.tsx
FN:26,(anonymous_0)
FN:45,(anonymous_1)
FNF:2
FNH:0
FNDA:0,(anonymous_0)
FNDA:0,(anonymous_1)
DA:11,0
DA:26,0
DA:27,0
DA:29,0
DA:46,0
LF:5
LH:0
BRDA:37,0,0,0
BRDA:37,0,1,0
BRDA:43,1,0,0
BRDA:43,1,1,0
BRF:4
BRH:0
end_of_record
TN:
SF:src\components\organisms\Recommendations\logic.ts
FN:3,(anonymous_0)
FN:6,(anonymous_1)
FN:7,(anonymous_2)
FNF:3
FNH:0
FNDA:0,(anonymous_0)
FNDA:0,(anonymous_1)
FNDA:0,(anonymous_2)
DA:3,0
DA:4,0
DA:6,0
DA:7,0
DA:10,0
LF:5
LH:0
BRF:0
BRH:0
end_of_record
TN:
SF:src\components\organisms\RightSide\index.tsx
FN:6,(anonymous_0)
FNF:1
FNH:0
FNDA:0,(anonymous_0)
DA:6,0
DA:7,0
LF:2
LH:0
BRF:0
BRH:0
end_of_record
TN:
SF:src\components\organisms\SignIn\index.tsx
FN:12,(anonymous_0)
FNF:1
FNH:1
FNDA:54,(anonymous_0)
DA:12,1
DA:14,54
DA:16,54
LF:3
LH:3
BRDA:24,0,0,0
BRDA:24,0,1,54
BRF:2
BRH:1
end_of_record
TN:
SF:src\components\organisms\SignIn\logic.ts
FN:26,(anonymous_0)
FN:32,(anonymous_1)
FN:82,(anonymous_2)
FN:86,(anonymous_3)
FNF:4
FNH:1
FNDA:54,(anonymous_0)
FNDA:0,(anonymous_1)
FNDA:0,(anonymous_2)
FNDA:0,(anonymous_3)
DA:21,1
DA:26,1
DA:27,54
DA:28,54
DA:29,54
DA:30,54
DA:32,54
DA:33,0
DA:34,0
DA:36,0
DA:41,0
DA:44,0
DA:48,0
DA:50,0
DA:52,0
DA:54,0
DA:56,0
DA:62,0
DA:64,0
DA:70,0
DA:74,54
DA:79,54
DA:80,54
DA:82,54
DA:83,0
DA:86,54
DA:87,0
DA:90,54
LF:28
LH:13
BRDA:80,0,0,54
BRDA:80,0,1,34
BRDA:80,0,2,34
BRF:3
BRH:3
end_of_record
TN:
SF:src\components\organisms\SignIn\schemas.ts
FNF:0
FNH:0
DA:3,1
DA:7,1
DA:11,1
DA:13,1
LF:4
LH:4
BRF:0
BRH:0
end_of_record
TN:
SF:src\components\organisms\SignUp\index.tsx
FN:13,(anonymous_0)
FNF:1
FNH:1
FNDA:295,(anonymous_0)
DA:13,1
DA:15,295
DA:17,295
LF:3
LH:3
BRDA:29,0,0,0
BRDA:29,0,1,295
BRF:2
BRH:1
end_of_record
TN:
SF:src\components\organisms\SignUp\logic.ts
FN:19,(anonymous_0)
FN:24,(anonymous_1)
FN:60,(anonymous_2)
FN:64,(anonymous_3)
FNF:4
FNH:1
FNDA:295,(anonymous_0)
FNDA:0,(anonymous_1)
FNDA:0,(anonymous_2)
FNDA:0,(anonymous_3)
DA:12,1
DA:19,1
DA:20,295
DA:21,295
DA:22,295
DA:24,295
DA:27,0
DA:29,0
DA:30,0
DA:32,0
DA:38,0
DA:40,0
DA:46,0
DA:50,295
DA:56,295
DA:58,295
DA:60,295
DA:61,0
DA:64,295
DA:65,0
DA:68,295
LF:21
LH:12
BRDA:58,0,0,295
BRDA:58,0,1,67
BRDA:58,0,2,67
BRDA:58,0,3,67
BRDA:58,0,4,67
BRF:5
BRH:5
end_of_record
TN:
SF:src\components\organisms\SignUp\schemas.ts
FNF:0
FNH:0
DA:3,1
DA:13,1
DA:22,1
DA:46,1
DA:51,1
DA:53,1
LF:6
LH:6
BRF:0
BRH:0
end_of_record
TN:
SF:src\components\providers\GlobalProvider\index.tsx
FN:11,(anonymous_0)
FNF:1
FNH:1
FNDA:12,(anonymous_0)
DA:11,4
DA:12,12
LF:2
LH:2
BRF:0
BRH:0
end_of_record
TN:
SF:src\components\templates\Feed\index.tsx
FN:14,(anonymous_0)
FNF:1
FNH:0
FNDA:0,(anonymous_0)
DA:14,0
DA:15,0
DA:17,0
LF:3
LH:0
BRDA:32,0,0,0
BRDA:32,0,1,0
BRDA:38,1,0,0
BRDA:38,1,1,0
BRDA:40,2,0,0
BRDA:40,2,1,0
BRF:6
BRH:0
end_of_record
TN:
SF:src\components\templates\Feed\logic.ts
FN:10,(anonymous_0)
FN:20,(anonymous_1)
FN:21,(anonymous_2)
FN:24,(anonymous_3)
FN:28,(anonymous_4)
FN:31,(anonymous_5)
FNF:6
FNH:0
FNDA:0,(anonymous_0)
FNDA:0,(anonymous_1)
FNDA:0,(anonymous_2)
FNDA:0,(anonymous_3)
FNDA:0,(anonymous_4)
FNDA:0,(anonymous_5)
DA:5,2
DA:10,2
DA:11,0
DA:12,0
DA:15,0
DA:20,0
DA:21,0
DA:24,0
DA:25,0
DA:28,0
DA:29,0
DA:31,0
DA:32,0
DA:36,0
DA:44,0
LF:15
LH:2
BRF:0
BRH:0
end_of_record
TN:
SF:src\components\templates\Tests\index.tsx
FN:4,(anonymous_0)
FNF:1
FNH:0
FNDA:0,(anonymous_0)
DA:4,0
DA:5,0
LF:2
LH:0
BRF:0
BRH:0
end_of_record
TN:
SF:src\components\templates\Tests\logic.ts
FN:1,(anonymous_0)
FNF:1
FNH:0
FNDA:0,(anonymous_0)
DA:1,0
DA:2,0
LF:2
LH:0
BRF:0
BRH:0
end_of_record
TN:
SF:src\hooks\useAppDispatch\index.ts
FN:5,(anonymous_0)
FNF:1
FNH:1
FNDA:54,(anonymous_0)
DA:5,54
LF:1
LH:1
BRF:0
BRH:0
end_of_record
TN:
SF:src\hooks\useAppSelector\index.ts
FNF:0
FNH:0
DA:5,0
LF:1
LH:0
BRF:0
BRH:0
end_of_record
TN:
SF:src\hooks\useWindowSize\index.tsx
FN:5,(anonymous_0)
FN:10,(anonymous_1)
FN:16,(anonymous_2)
FN:17,(anonymous_3)
FN:22,(anonymous_4)
FNF:5
FNH:5
FNDA:1,(anonymous_0)
FNDA:4,(anonymous_1)
FNDA:2,(anonymous_2)
FNDA:1,(anonymous_3)
FNDA:2,(anonymous_4)
DA:5,1
DA:10,1
DA:11,4
DA:16,4
DA:17,2
DA:18,1
DA:21,2
DA:22,2
DA:25,4
LF:9
LH:9
BRF:0
BRH:0
end_of_record
TN:
SF:src\pages\_app.tsx
FN:9,(anonymous_0)
FNF:1
FNH:0
FNDA:0,(anonymous_0)
DA:9,0
DA:10,0
LF:2
LH:0
BRF:0
BRH:0
end_of_record
TN:
SF:src\pages\_document.tsx
FN:14,(anonymous_0)
FN:21,(anonymous_1)
FN:23,(anonymous_2)
FN:23,(anonymous_3)
FN:43,(anonymous_4)
FNF:5
FNH:0
FNDA:0,(anonymous_0)
FNDA:0,(anonymous_1)
FNDA:0,(anonymous_2)
FNDA:0,(anonymous_3)
FNDA:0,(anonymous_4)
DA:17,0
DA:18,0
DA:20,0
DA:21,0
DA:22,0
DA:23,0
DA:24,0
DA:27,0
DA:29,0
DA:39,0
DA:44,0
LF:11
LH:0
BRF:0
BRH:0
end_of_record
TN:
SF:src\pages\index.tsx
FNF:0
FNH:0
LF:0
LH:0
BRF:0
BRH:0
end_of_record
TN:
SF:src\pages\tests.tsx
FNF:0
FNH:0
LF:0
LH:0
BRF:0
BRH:0
end_of_record
TN:
SF:src\store\index.ts
FNF:0
FNH:0
DA:5,4
LF:1
LH:1
BRF:0
BRH:0
end_of_record
TN:
SF:src\store\user\index.ts
FNF:0
FNH:0
DA:7,4
DA:9,4
LF:2
LH:2
BRF:0
BRH:0
end_of_record
TN:
SF:src\store\user\reducers\setUser\index.ts
FN:3,(anonymous_0)
FNF:1
FNH:0
FNDA:0,(anonymous_0)
DA:3,4
DA:4,0
LF:2
LH:1
BRF:0
BRH:0
end_of_record
TN:
SF:src\utils\composeClassName\index.tsx
FN:3,(anonymous_0)
FNF:1
FNH:1
FNDA:6567,(anonymous_0)
DA:3,5
DA:7,6567
LF:2
LH:2
BRDA:7,0,0,3717
BRDA:7,0,1,2850
BRF:2
BRH:2
end_of_record
